Using pre-set license
Built from '2022.3/staging' branch; Version is '2022.3.21f1 (bf09ca542b87) revision 12519882'; Using compiler version '192829333'; Build Type 'Release'
OS: 'Windows 11  (10.0.22631) 64bit Professional' Language: 'en' Physical Memory: 16317 MB
BatchMode: 1, IsHumanControllingUs: 0, StartBugReporterOnCrash: 0, Is64bit: 1, IsPro: 1

COMMAND LINE ARGUMENTS:
C:\Program Files\Unity\Hub\Editor\2022.3.21f1\Editor\Unity.exe
-adb2
-batchMode
-noUpm
-name
AssetImportWorker0
-projectPath
C:/gamedev/ColorJump/Jump
-logFile
Logs/AssetImportWorker0.log
-srvPort
55689
Successfully changed project path to: C:/gamedev/ColorJump/Jump
C:/gamedev/ColorJump/Jump
[UnityMemory] Configuration Parameters - Can be set up in boot.config
    "memorysetup-bucket-allocator-granularity=16"
    "memorysetup-bucket-allocator-bucket-count=8"
    "memorysetup-bucket-allocator-block-size=33554432"
    "memorysetup-bucket-allocator-block-count=8"
    "memorysetup-main-allocator-block-size=16777216"
    "memorysetup-thread-allocator-block-size=16777216"
    "memorysetup-gfx-main-allocator-block-size=16777216"
    "memorysetup-gfx-thread-allocator-block-size=16777216"
    "memorysetup-cache-allocator-block-size=4194304"
    "memorysetup-typetree-allocator-block-size=2097152"
    "memorysetup-profiler-bucket-allocator-granularity=16"
    "memorysetup-profiler-bucket-allocator-bucket-count=8"
    "memorysetup-profiler-bucket-allocator-block-size=33554432"
    "memorysetup-profiler-bucket-allocator-block-count=8"
    "memorysetup-profiler-allocator-block-size=16777216"
    "memorysetup-profiler-editor-allocator-block-size=1048576"
    "memorysetup-temp-allocator-size-main=16777216"
    "memorysetup-job-temp-allocator-block-size=2097152"
    "memorysetup-job-temp-allocator-block-size-background=1048576"
    "memorysetup-job-temp-allocator-reduction-small-platforms=262144"
    "memorysetup-allocator-temp-initial-block-size-main=262144"
    "memorysetup-allocator-temp-initial-block-size-worker=262144"
    "memorysetup-temp-allocator-size-background-worker=32768"
    "memorysetup-temp-allocator-size-job-worker=262144"
    "memorysetup-temp-allocator-size-preload-manager=33554432"
    "memorysetup-temp-allocator-size-nav-mesh-worker=65536"
    "memorysetup-temp-allocator-size-audio-worker=65536"
    "memorysetup-temp-allocator-size-cloud-worker=32768"
    "memorysetup-temp-allocator-size-gi-baking-worker=262144"
    "memorysetup-temp-allocator-size-gfx=262144"
Player connection [24968] Host "[IP] 192.168.3.127 [Port] 0 [Flags] 2 [Guid] 47780937 [EditorId] 47780937 [Version] 1048832 [Id] WindowsEditor(7,PHILLIP-DESKTOP) [Debug] 1 [PackageName] WindowsEditor [ProjectName] Editor" joined multi-casting on [225.0.0.222:54997]...

Player connection [24968] Host "[IP] 192.168.3.127 [Port] 0 [Flags] 2 [Guid] 47780937 [EditorId] 47780937 [Version] 1048832 [Id] WindowsEditor(7,PHILLIP-DESKTOP) [Debug] 1 [PackageName] WindowsEditor [ProjectName] Editor" joined alternative multi-casting on [225.0.0.222:34997]...

[Physics::Module] Initialized MultithreadedJobDispatcher with 5 workers.
Refreshing native plugins compatible for Editor in 11.64 ms, found 3 plugins.
Preloading 0 native plugins for Editor in 0.00 ms.
Initialize engine version: 2022.3.21f1 (bf09ca542b87)
[Subsystems] Discovering subsystems at path C:/Program Files/Unity/Hub/Editor/2022.3.21f1/Editor/Data/Resources/UnitySubsystems
[Subsystems] Discovering subsystems at path C:/gamedev/ColorJump/Jump/Assets
GfxDevice: creating device client; threaded=0; jobified=0
Direct3D:
    Version:  Direct3D 11.0 [level 11.1]
    Renderer: NVIDIA GeForce GTX 1660 Ti (ID=0x2182)
    Vendor:   NVIDIA
    VRAM:     5979 MB
    Driver:   31.0.15.4617
Initialize mono
Mono path[0] = 'C:/Program Files/Unity/Hub/Editor/2022.3.21f1/Editor/Data/Managed'
Mono path[1] = 'C:/Program Files/Unity/Hub/Editor/2022.3.21f1/Editor/Data/MonoBleedingEdge/lib/mono/unityjit-win32'
Mono config path = 'C:/Program Files/Unity/Hub/Editor/2022.3.21f1/Editor/Data/MonoBleedingEdge/etc'
Using monoOptions --debugger-agent=transport=dt_socket,embedding=1,server=y,suspend=n,address=127.0.0.1:56772
Begin MonoManager ReloadAssembly
Registering precompiled unity dll's ...
Register platform support module: C:/Program Files/Unity/Hub/Editor/2022.3.21f1/Editor/Data/PlaybackEngines/WebGLSupport/UnityEditor.WebGL.Extensions.dll
Register platform support module: C:/Program Files/Unity/Hub/Editor/2022.3.21f1/Editor/Data/PlaybackEngines/AndroidPlayer/UnityEditor.Android.Extensions.dll
Register platform support module: C:/Program Files/Unity/Hub/Editor/2022.3.21f1/Editor/Data/PlaybackEngines/WindowsStandaloneSupport/UnityEditor.WindowsStandalone.Extensions.dll
Register platform support module: C:/Program Files/Unity/Hub/Editor/2022.3.21f1/Editor/Data/PlaybackEngines/MetroSupport/UnityEditor.UWP.Extensions.dll
Registered in 0.014997 seconds.
- Loaded All Assemblies, in  0.427 seconds
Native extension for UWP target not found
Native extension for WindowsStandalone target not found
Native extension for Android target not found
Android Extension - Scanning For ADB Devices 286 ms
Native extension for WebGL target not found
Mono: successfully reloaded assembly
- Finished resetting the current domain, in  0.663 seconds
Domain Reload Profiling: 1087ms
	BeginReloadAssembly (125ms)
		ExecutionOrderSort (0ms)
		DisableScriptedObjects (0ms)
		BackupInstance (0ms)
		ReleaseScriptingObjects (0ms)
		CreateAndSetChildDomain (1ms)
	RebuildCommonClasses (38ms)
	RebuildNativeTypeToScriptingClass (12ms)
	initialDomainReloadingComplete (72ms)
	LoadAllAssembliesAndSetupDomain (177ms)
		LoadAssemblies (123ms)
		RebuildTransferFunctionScriptingTraits (0ms)
		AnalyzeDomain (174ms)
			TypeCache.Refresh (173ms)
				TypeCache.ScanAssembly (156ms)
			ScanForSourceGeneratedMonoScriptInfo (0ms)
			ResolveRequiredComponents (1ms)
	FinalizeReload (663ms)
		ReleaseScriptCaches (0ms)
		RebuildScriptCaches (0ms)
		SetupLoadedEditorAssemblies (597ms)
			LogAssemblyErrors (0ms)
			InitializePlatformSupportModulesInManaged (417ms)
			SetLoadedEditorAssemblies (4ms)
			RefreshPlugins (0ms)
			BeforeProcessingInitializeOnLoad (3ms)
			ProcessInitializeOnLoadAttributes (125ms)
			ProcessInitializeOnLoadMethodAttributes (49ms)
			AfterProcessingInitializeOnLoad (0ms)
			EditorAssembliesLoaded (0ms)
		ExecutionOrderSort2 (0ms)
		AwakeInstancesAfterBackupRestoration (0ms)
========================================================================
Worker process is ready to serve import requests
Begin MonoManager ReloadAssembly
- Loaded All Assemblies, in  0.714 seconds
Refreshing native plugins compatible for Editor in 4.54 ms, found 3 plugins.
Native extension for UWP target not found
Native extension for WindowsStandalone target not found
Native extension for Android target not found
Native extension for WebGL target not found
Package Manager log level set to [2]
[Package Manager] Server::EnsureServerProcessIsRunning -- launch failed, reason: Unity was launched with the -noUpm command-line argument
[Package Manager] UpmClient::Send -- Unable to send message (not connected to UPM process).
[Package Manager] Cannot connect to Unity Package Manager local server
Mono: successfully reloaded assembly
- Finished resetting the current domain, in  0.754 seconds
Domain Reload Profiling: 1464ms
	BeginReloadAssembly (201ms)
		ExecutionOrderSort (0ms)
		DisableScriptedObjects (6ms)
		BackupInstance (0ms)
		ReleaseScriptingObjects (0ms)
		CreateAndSetChildDomain (24ms)
	RebuildCommonClasses (37ms)
	RebuildNativeTypeToScriptingClass (12ms)
	initialDomainReloadingComplete (46ms)
	LoadAllAssembliesAndSetupDomain (412ms)
		LoadAssemblies (349ms)
		RebuildTransferFunctionScriptingTraits (0ms)
		AnalyzeDomain (161ms)
			TypeCache.Refresh (129ms)
				TypeCache.ScanAssembly (110ms)
			ScanForSourceGeneratedMonoScriptInfo (18ms)
			ResolveRequiredComponents (13ms)
	FinalizeReload (755ms)
		ReleaseScriptCaches (0ms)
		RebuildScriptCaches (0ms)
		SetupLoadedEditorAssemblies (576ms)
			LogAssemblyErrors (0ms)
			InitializePlatformSupportModulesInManaged (33ms)
			SetLoadedEditorAssemblies (4ms)
			RefreshPlugins (0ms)
			BeforeProcessingInitializeOnLoad (90ms)
			ProcessInitializeOnLoadAttributes (399ms)
			ProcessInitializeOnLoadMethodAttributes (42ms)
			AfterProcessingInitializeOnLoad (8ms)
			EditorAssembliesLoaded (0ms)
		ExecutionOrderSort2 (0ms)
		AwakeInstancesAfterBackupRestoration (8ms)
Launched and connected shader compiler UnityShaderCompiler.exe after 0.05 seconds
Refreshing native plugins compatible for Editor in 5.46 ms, found 3 plugins.
Preloading 0 native plugins for Editor in 0.00 ms.
Unloading 2441 Unused Serialized files (Serialized files now loaded: 0)
Unloading 54 unused Assets / (31.3 KB). Loaded Objects now: 2937.
Memory consumption went from 129.6 MB to 129.6 MB.
Total: 3.494200 ms (FindLiveObjects: 0.291200 ms CreateObjectMapping: 0.261400 ms MarkObjects: 2.871300 ms  DeleteObjects: 0.068800 ms)

AssetImportParameters requested are different than current active one (requested -> active):
  custom:video-decoder-webm-vp8: 9c59270c3fd7afecdb556c50c9e8de78 -> 
  custom:SearchIndexIgnoredProperties: e643bd26f0fe6173181afceb89e7c659 -> 
  custom:container-demuxer-ogg: 62fdf1f143b41e24485cea50d1cbac27 -> 
  custom:AudioImporter_EditorPlatform: d09bf68614088b80899f8185d706f6e7 -> 
  custom:video-decoder-ogg-theora: a1e56fd34408186e4bbccfd4996cb3dc -> 
  custom:framework-win-MediaFoundation: 216162199b28c13a410421893ffa2e32 -> 
  custom:video-encoder-webm-vp8: eb34c28f22e8b96e1ab97ce403110664 -> 
  custom:audio-decoder-ogg-vorbis: bf7c407c2cedff20999df2af8eb42d56 -> 
  custom:CustomObjectIndexerAttribute: 9a22284fe3817be447336de3de66b15e -> 
  custom:container-demuxer-webm: 4f35f7cbe854078d1ac9338744f61a02 -> 
  custom:audio-encoder-webm-vorbis: bf7c407c2cedff20999df2af8eb42d56 -> 
  custom:container-muxer-webm: aa71ff27fc2769a1b78a27578f13a17b -> 
========================================================================
Received Import Request.
  Time since last request: 388591.725206 seconds.
  path: Assets/Prefabs/Generators/CountPlatformGenerator.prefab
  artifactKey: Guid(f32b3767b9d8fbd41b41f88381a80e8f) Importer(815301076,1909f56bfc062723c751e8b465ee728b)
Start importing Assets/Prefabs/Generators/CountPlatformGenerator.prefab using Guid(f32b3767b9d8fbd41b41f88381a80e8f) Importer(815301076,1909f56bfc062723c751e8b465ee728b)  -> (artifact id: '9fd0b2fc91627ef9db09e69b668b995e') in 0.030658 seconds
Number of updated asset objects reloaded before import = 0
Number of asset objects unloaded after import = 5
========================================================================
Received Import Request.
  Time since last request: 0.000024 seconds.
  path: Assets/Prefabs/Managers/ScoreManager.prefab
  artifactKey: Guid(a9c2d23bb65e87e46bc993ebe8ed6b58) Importer(815301076,1909f56bfc062723c751e8b465ee728b)
Start importing Assets/Prefabs/Managers/ScoreManager.prefab using Guid(a9c2d23bb65e87e46bc993ebe8ed6b58) Importer(815301076,1909f56bfc062723c751e8b465ee728b)  -> (artifact id: 'e2ff30841fe484b40b8d77e566ee634a') in 0.002333 seconds
Number of updated asset objects reloaded before import = 0
Number of asset objects unloaded after import = 5
========================================================================
Received Import Request.
  Time since last request: 0.000013 seconds.
  path: Assets/Meta/Icon432.png
  artifactKey: Guid(c02b91cbfa267c44697c67d7ebac3ef5) Importer(815301076,1909f56bfc062723c751e8b465ee728b)
Start importing Assets/Meta/Icon432.png using Guid(c02b91cbfa267c44697c67d7ebac3ef5) Importer(815301076,1909f56bfc062723c751e8b465ee728b)  -> (artifact id: 'e0a9a15b6994772358ea62a80aff83e0') in 0.072474 seconds
Number of updated asset objects reloaded before import = 0
Number of asset objects unloaded after import = 2
========================================================================
Received Import Request.
  Time since last request: 0.000021 seconds.
  path: Assets/Meta/Icon192.png
  artifactKey: Guid(da4ed363f0624a542a094cecb1ba0cc2) Importer(815301076,1909f56bfc062723c751e8b465ee728b)
Start importing Assets/Meta/Icon192.png using Guid(da4ed363f0624a542a094cecb1ba0cc2) Importer(815301076,1909f56bfc062723c751e8b465ee728b)  -> (artifact id: '40ce46a64d8671d358fcddc6dc4dbbdb') in 0.016404 seconds
Number of updated asset objects reloaded before import = 0
Number of asset objects unloaded after import = 2
========================================================================
Received Import Request.
  Time since last request: 0.000023 seconds.
  path: Assets/Prefabs/Consumables/ColorChanger.prefab
  artifactKey: Guid(f6f3a56aa18c30748983367bfd5aeb9c) Importer(815301076,1909f56bfc062723c751e8b465ee728b)
Start importing Assets/Prefabs/Consumables/ColorChanger.prefab using Guid(f6f3a56aa18c30748983367bfd5aeb9c) Importer(815301076,1909f56bfc062723c751e8b465ee728b)  -> (artifact id: 'f047e46a8364c372a4ce57d8419d3350') in 0.055220 seconds
Number of updated asset objects reloaded before import = 0
Number of asset objects unloaded after import = 38
========================================================================
Received Import Request.
  Time since last request: 0.000070 seconds.
  path: Assets/Prefabs/Generators/FlatPlatformGenerator.prefab
  artifactKey: Guid(483684a526c2c9447bf40f0f61ff0575) Importer(815301076,1909f56bfc062723c751e8b465ee728b)
Start importing Assets/Prefabs/Generators/FlatPlatformGenerator.prefab using Guid(483684a526c2c9447bf40f0f61ff0575) Importer(815301076,1909f56bfc062723c751e8b465ee728b)  -> (artifact id: '9e97006562440bdad61e21a65653a47e') in 0.015259 seconds
Number of updated asset objects reloaded before import = 0
Number of asset objects unloaded after import = 79
========================================================================
Received Import Request.
  Time since last request: 0.000016 seconds.
  path: Assets/Prefabs/Generators/UnlimitedPlatformGenerator.prefab
  artifactKey: Guid(7a1bff793d265c742bc71c988d0c59ab) Importer(815301076,1909f56bfc062723c751e8b465ee728b)
Start importing Assets/Prefabs/Generators/UnlimitedPlatformGenerator.prefab using Guid(7a1bff793d265c742bc71c988d0c59ab) Importer(815301076,1909f56bfc062723c751e8b465ee728b)  -> (artifact id: 'e450a344b526953b6e32ce0324491fa6') in 0.009489 seconds
Number of updated asset objects reloaded before import = 0
Number of asset objects unloaded after import = 79
========================================================================
Received Import Request.
  Time since last request: 0.000016 seconds.
  path: Assets/Meta/Icon.png
  artifactKey: Guid(75c7e098e2f20c147bafd4b7ed95a151) Importer(815301076,1909f56bfc062723c751e8b465ee728b)
Start importing Assets/Meta/Icon.png using Guid(75c7e098e2f20c147bafd4b7ed95a151) Importer(815301076,1909f56bfc062723c751e8b465ee728b)  -> (artifact id: '945d5d0962764bb98ebfe6141e099419') in 0.021328 seconds
Number of updated asset objects reloaded before import = 0
Number of asset objects unloaded after import = 3
========================================================================
Received Import Request.
  Time since last request: 0.000023 seconds.
  path: Assets/Meta/foreground.png
  artifactKey: Guid(9d2c32621e10913448adda09a6644edf) Importer(815301076,1909f56bfc062723c751e8b465ee728b)
Start importing Assets/Meta/foreground.png using Guid(9d2c32621e10913448adda09a6644edf) Importer(815301076,1909f56bfc062723c751e8b465ee728b)  -> (artifact id: 'a211ff342b64f8d151d869b352b17b19') in 0.015751 seconds
Number of updated asset objects reloaded before import = 0
Number of asset objects unloaded after import = 2
========================================================================
Received Import Request.
  Time since last request: 0.000042 seconds.
  path: Assets/Prefabs/Managers/SaveManager.prefab
  artifactKey: Guid(b245dd359698e9f40a00cd292e66a687) Importer(815301076,1909f56bfc062723c751e8b465ee728b)
Start importing Assets/Prefabs/Managers/SaveManager.prefab using Guid(b245dd359698e9f40a00cd292e66a687) Importer(815301076,1909f56bfc062723c751e8b465ee728b)  -> (artifact id: 'fe97c658d031d264e55df763e9d5d335') in 0.002072 seconds
Number of updated asset objects reloaded before import = 0
Number of asset objects unloaded after import = 5
========================================================================
Received Import Request.
  Time since last request: 0.000015 seconds.
  path: Assets/Meta/Icon216.png
  artifactKey: Guid(c33a89485258fbd499b05770e8f11b0b) Importer(815301076,1909f56bfc062723c751e8b465ee728b)
Start importing Assets/Meta/Icon216.png using Guid(c33a89485258fbd499b05770e8f11b0b) Importer(815301076,1909f56bfc062723c751e8b465ee728b)  -> (artifact id: '4f2f4c005ad2c0a3c27b55af05be07d8') in 0.017863 seconds
Number of updated asset objects reloaded before import = 0
Number of asset objects unloaded after import = 3
========================================================================
Received Import Request.
  Time since last request: 0.000016 seconds.
  path: Assets/Prefabs/Managers/SpriteModelManager.prefab
  artifactKey: Guid(eb13aa4caf3d95246b6dfcf161f35d31) Importer(815301076,1909f56bfc062723c751e8b465ee728b)
Start importing Assets/Prefabs/Managers/SpriteModelManager.prefab using Guid(eb13aa4caf3d95246b6dfcf161f35d31) Importer(815301076,1909f56bfc062723c751e8b465ee728b)  -> (artifact id: 'cef63d6b1a8ad199bdfcf8684fc708bd') in 0.089289 seconds
Number of updated asset objects reloaded before import = 0
Number of asset objects unloaded after import = 178
========================================================================
Received Import Request.
  Time since last request: 0.000014 seconds.
  path: Assets/Meta/Icon324.png
  artifactKey: Guid(9ba3b30605e926a4196b9c28b94598a6) Importer(815301076,1909f56bfc062723c751e8b465ee728b)
Start importing Assets/Meta/Icon324.png using Guid(9ba3b30605e926a4196b9c28b94598a6) Importer(815301076,1909f56bfc062723c751e8b465ee728b)  -> (artifact id: 'bce4fa477d5c65f446b23abf62304658') in 0.029139 seconds
Number of updated asset objects reloaded before import = 0
Number of asset objects unloaded after import = 3
========================================================================
Received Import Request.
  Time since last request: 0.000052 seconds.
  path: Assets/Meta/background.png
  artifactKey: Guid(adb8579541715944687306528eb80bfc) Importer(815301076,1909f56bfc062723c751e8b465ee728b)
Start importing Assets/Meta/background.png using Guid(adb8579541715944687306528eb80bfc) Importer(815301076,1909f56bfc062723c751e8b465ee728b)  -> (artifact id: 'd4a2156ec7d5a3dc769bddee1f4d0750') in 0.016823 seconds
Number of updated asset objects reloaded before import = 0
Number of asset objects unloaded after import = 2
========================================================================
Received Import Request.
  Time since last request: 0.000068 seconds.
  path: Assets/Prefabs/Generators/IndexedPlatformGenerator.prefab
  artifactKey: Guid(bbd6376108705a24baca05c06bd9316f) Importer(815301076,1909f56bfc062723c751e8b465ee728b)
Start importing Assets/Prefabs/Generators/IndexedPlatformGenerator.prefab using Guid(bbd6376108705a24baca05c06bd9316f) Importer(815301076,1909f56bfc062723c751e8b465ee728b)  -> (artifact id: '5054423463d0bed94525c9828bb90fc4') in 0.002645 seconds
Number of updated asset objects reloaded before import = 0
Number of asset objects unloaded after import = 5
========================================================================
Received Import Request.
  Time since last request: 0.000023 seconds.
  path: Assets/Prefabs/Managers/GameManager.prefab
  artifactKey: Guid(d317715db81c3054d8b8ebbd0745d119) Importer(815301076,1909f56bfc062723c751e8b465ee728b)
Start importing Assets/Prefabs/Managers/GameManager.prefab using Guid(d317715db81c3054d8b8ebbd0745d119) Importer(815301076,1909f56bfc062723c751e8b465ee728b)  -> (artifact id: '068dc5354017191e8572889232d216b4') in 0.011416 seconds
Number of updated asset objects reloaded before import = 0
Number of asset objects unloaded after import = 99
========================================================================
Received Import Request.
  Time since last request: 0.000014 seconds.
  path: Assets/Meta/Icon162.png
  artifactKey: Guid(d09641b52e2a7fd46a523902472d3092) Importer(815301076,1909f56bfc062723c751e8b465ee728b)
Start importing Assets/Meta/Icon162.png using Guid(d09641b52e2a7fd46a523902472d3092) Importer(815301076,1909f56bfc062723c751e8b465ee728b)  -> (artifact id: '4fc4e35ee281a0845de40f5be98efa15') in 0.017305 seconds
Number of updated asset objects reloaded before import = 0
Number of asset objects unloaded after import = 3
========================================================================
Received Import Request.
  Time since last request: 0.000130 seconds.
  path: Assets/Meta/intro.mp4
  artifactKey: Guid(0f68f39201be9f14da7676ef0fbc6134) Importer(815301076,1909f56bfc062723c751e8b465ee728b)
Start importing Assets/Meta/intro.mp4 using Guid(0f68f39201be9f14da7676ef0fbc6134) Importer(815301076,1909f56bfc062723c751e8b465ee728b)  -> (artifact id: 'ddfba099b549855f63efba6f4758f8b2') in 0.001945 seconds
Number of updated asset objects reloaded before import = 0
Number of asset objects unloaded after import = 1
========================================================================
Received Import Request.
  Time since last request: 0.675163 seconds.
  path: Assets/Animations/Player/Castle1/Face/Animator_Castle1_face.overrideController
  artifactKey: Guid(9dff0b1fc9aae7045add4784c378e025) Importer(815301076,1909f56bfc062723c751e8b465ee728b)
Start importing Assets/Animations/Player/Castle1/Face/Animator_Castle1_face.overrideController using Guid(9dff0b1fc9aae7045add4784c378e025) Importer(815301076,1909f56bfc062723c751e8b465ee728b) Asset 'Animator_Player': Transition 'AnyState -> player_run' in state 'AnyState' doesn't have an Exit Time or any condition, transition will be ignored
 -> (artifact id: '52fde3d849ed186d1d2a5e2bcb2a75b5') in 0.061917 seconds
Number of updated asset objects reloaded before import = 0
Number of asset objects unloaded after import = 25
========================================================================
Received Import Request.
  Time since last request: 23.948580 seconds.
  path: Assets/Animations/Player/Castle1/Animator_Castle1.overrideController
  artifactKey: Guid(5075c1f21b42a6443bf1859453cb881a) Importer(815301076,1909f56bfc062723c751e8b465ee728b)
Start importing Assets/Animations/Player/Castle1/Animator_Castle1.overrideController using Guid(5075c1f21b42a6443bf1859453cb881a) Importer(815301076,1909f56bfc062723c751e8b465ee728b) Asset 'Animator_Player': Transition 'AnyState -> player_run' in state 'AnyState' doesn't have an Exit Time or any condition, transition will be ignored
 -> (artifact id: '5a7842d251be986a6873a12d35f7ce82') in 0.014182 seconds
Number of updated asset objects reloaded before import = 0
Number of asset objects unloaded after import = 25
========================================================================
Received Import Request.
  Time since last request: 2.819466 seconds.
  path: Assets/Prefabs/ColorPalette/ColorPalette.prefab
  artifactKey: Guid(be66ff0780df73e4d820f30c09b91555) Importer(815301076,1909f56bfc062723c751e8b465ee728b)
Start importing Assets/Prefabs/ColorPalette/ColorPalette.prefab using Guid(be66ff0780df73e4d820f30c09b91555) Importer(815301076,1909f56bfc062723c751e8b465ee728b)  -> (artifact id: '5ed966fd655cf254877de1af21b15b8d') in 0.014066 seconds
Number of updated asset objects reloaded before import = 0
Number of asset objects unloaded after import = 27
========================================================================
Received Import Request.
  Time since last request: 0.000015 seconds.
  path: Assets/Prefabs/ColorPalette/ColorPalette Variant 2.prefab
  artifactKey: Guid(cde702fdfa3ef494cbd95a0fea683022) Importer(815301076,1909f56bfc062723c751e8b465ee728b)
Start importing Assets/Prefabs/ColorPalette/ColorPalette Variant 2.prefab using Guid(cde702fdfa3ef494cbd95a0fea683022) Importer(815301076,1909f56bfc062723c751e8b465ee728b)  -> (artifact id: '4a216b010bb4cd90deda43ac1420978b') in 0.015029 seconds
Number of updated asset objects reloaded before import = 0
Number of asset objects unloaded after import = 52
========================================================================
Received Import Request.
  Time since last request: 0.000028 seconds.
  path: Assets/Prefabs/ColorPalette/ColorPalette Variant 3.prefab
  artifactKey: Guid(0cb5e6028b7f0e64d8914c196804cdd7) Importer(815301076,1909f56bfc062723c751e8b465ee728b)
Start importing Assets/Prefabs/ColorPalette/ColorPalette Variant 3.prefab using Guid(0cb5e6028b7f0e64d8914c196804cdd7) Importer(815301076,1909f56bfc062723c751e8b465ee728b)  -> (artifact id: 'bb78e6f60ac62bf433ed1ace05ad30ce') in 0.015499 seconds
Number of updated asset objects reloaded before import = 0
Number of asset objects unloaded after import = 52
========================================================================
Received Import Request.
  Time since last request: 0.000014 seconds.
  path: Assets/Prefabs/ColorPalette/ColorPalette Variant 0.prefab
  artifactKey: Guid(60f81a7789500804e8e143a3fc1e33ff) Importer(815301076,1909f56bfc062723c751e8b465ee728b)
Start importing Assets/Prefabs/ColorPalette/ColorPalette Variant 0.prefab using Guid(60f81a7789500804e8e143a3fc1e33ff) Importer(815301076,1909f56bfc062723c751e8b465ee728b)  -> (artifact id: 'ba366f865f09fa3317a49341e712d170') in 0.014807 seconds
Number of updated asset objects reloaded before import = 0
Number of asset objects unloaded after import = 52
========================================================================
Received Import Request.
  Time since last request: 0.000017 seconds.
  path: Assets/Prefabs/ColorPalette/ColorPalette Variant 1.prefab
  artifactKey: Guid(a6fdfc3a6d85d224eb6717fb2cb48adb) Importer(815301076,1909f56bfc062723c751e8b465ee728b)
Start importing Assets/Prefabs/ColorPalette/ColorPalette Variant 1.prefab using Guid(a6fdfc3a6d85d224eb6717fb2cb48adb) Importer(815301076,1909f56bfc062723c751e8b465ee728b)  -> (artifact id: 'a6036e642b74dc60fa12e38fc411ca24') in 0.014973 seconds
Number of updated asset objects reloaded before import = 0
Number of asset objects unloaded after import = 52
========================================================================
Received Import Request.
  Time since last request: 2.009190 seconds.
  path: Assets/Prefabs/Flag/Flag.prefab
  artifactKey: Guid(ea3e04e6095f26c4f9d0b5559e889406) Importer(815301076,1909f56bfc062723c751e8b465ee728b)
Start importing Assets/Prefabs/Flag/Flag.prefab using Guid(ea3e04e6095f26c4f9d0b5559e889406) Importer(815301076,1909f56bfc062723c751e8b465ee728b)  -> (artifact id: '2ffbad37f1129c006f081f97d312c3dd') in 0.023665 seconds
Number of updated asset objects reloaded before import = 0
Number of asset objects unloaded after import = 12
========================================================================
Received Import Request.
  Time since last request: 0.000017 seconds.
  path: Assets/Prefabs/Flag/StartFlag Variant.prefab
  artifactKey: Guid(f445c905dbda934418d9dad2c69fa255) Importer(815301076,1909f56bfc062723c751e8b465ee728b)
Start importing Assets/Prefabs/Flag/StartFlag Variant.prefab using Guid(f445c905dbda934418d9dad2c69fa255) Importer(815301076,1909f56bfc062723c751e8b465ee728b)  -> (artifact id: '0ae9f5b3cc4c3bb6c8313586da57f881') in 0.015019 seconds
Number of updated asset objects reloaded before import = 0
Number of asset objects unloaded after import = 22
========================================================================
Received Import Request.
  Time since last request: 0.000015 seconds.
  path: Assets/Prefabs/Flag/HighScoreFlag Variant.prefab
  artifactKey: Guid(429d1bb5eef4cd14d93ea4f511641aeb) Importer(815301076,1909f56bfc062723c751e8b465ee728b)
Start importing Assets/Prefabs/Flag/HighScoreFlag Variant.prefab using Guid(429d1bb5eef4cd14d93ea4f511641aeb) Importer(815301076,1909f56bfc062723c751e8b465ee728b)  -> (artifact id: '3c3ec13247cd9ccb0d202843c58e1856') in 0.014275 seconds
Number of updated asset objects reloaded before import = 0
Number of asset objects unloaded after import = 22
========================================================================
Received Import Request.
  Time since last request: 13.308070 seconds.
  path: Assets/Prefabs/Obstacles/Platform.prefab
  artifactKey: Guid(34f5b9c64a75f724f9148e6106bf4d81) Importer(815301076,1909f56bfc062723c751e8b465ee728b)
Start importing Assets/Prefabs/Obstacles/Platform.prefab using Guid(34f5b9c64a75f724f9148e6106bf4d81) Importer(815301076,1909f56bfc062723c751e8b465ee728b)  -> (artifact id: '63541bea497058fb5439227908af1c00') in 0.012832 seconds
Number of updated asset objects reloaded before import = 0
Number of asset objects unloaded after import = 22
========================================================================
Received Import Request.
  Time since last request: 0.000016 seconds.
  path: Assets/Prefabs/Obstacles/Wall.prefab
  artifactKey: Guid(5eaca235939483b4e8d06c588d7ba42e) Importer(815301076,1909f56bfc062723c751e8b465ee728b)
Start importing Assets/Prefabs/Obstacles/Wall.prefab using Guid(5eaca235939483b4e8d06c588d7ba42e) Importer(815301076,1909f56bfc062723c751e8b465ee728b)  -> (artifact id: '02ba37b286e0926c2b832dfedda0a69d') in 0.020822 seconds
Number of updated asset objects reloaded before import = 0
Number of asset objects unloaded after import = 8
========================================================================
Received Import Request.
  Time since last request: 6.966634 seconds.
  path: Assets/Prefabs/Player/Castle1.prefab
  artifactKey: Guid(61c6ee18326e0d147a80f6cb095d4680) Importer(815301076,1909f56bfc062723c751e8b465ee728b)
Start importing Assets/Prefabs/Player/Castle1.prefab using Guid(61c6ee18326e0d147a80f6cb095d4680) Importer(815301076,1909f56bfc062723c751e8b465ee728b) Asset 'Animator_Player': Transition 'AnyState -> player_run' in state 'AnyState' doesn't have an Exit Time or any condition, transition will be ignored
UnityEngine.StackTraceUtility:ExtractStackTrace ()
UnityEditor.EditorUtility:Internal_InstantiateRemoveAllNonAnimationComponentsSingle (UnityEngine.Object,UnityEngine.Vector3,UnityEngine.Quaternion)
UnityEditor.EditorUtility:InstantiateRemoveAllNonAnimationComponents (UnityEngine.Object,UnityEngine.Vector3,UnityEngine.Quaternion)
UnityEditor.EditorUtility:InstantiateForAnimatorPreview (UnityEngine.Object)
UnityEditor.GameObjectInspector/PreviewData:UpdateGameObject (UnityEngine.Object)
UnityEditor.GameObjectInspector/PreviewData:.ctor (UnityEngine.Object,bool)
UnityEditor.GameObjectInspector:GetPreviewData (bool)
UnityEditor.GameObjectInspector:RenderStaticPreview (string,UnityEngine.Object[],int,int)
UnityEditor.AssetPreviewUpdater:CreatePreview (UnityEngine.Object,UnityEngine.Object[],string,int,int)
UnityEditor.AssetPreviewUpdater:CreatePreviewForAsset (UnityEngine.Object,UnityEngine.Object[],string)

[C:\build\output\unity\unity\Editor\Src\Animation\StateMachine.cpp line 1848]

 -> (artifact id: '75076c27bb060381d5583e029428588b') in 0.066671 seconds
Number of updated asset objects reloaded before import = 0
Number of asset objects unloaded after import = 51
========================================================================
Received Import Request.
  Time since last request: 0.000019 seconds.
  path: Assets/Prefabs/Player/Player_Trail.prefab
  artifactKey: Guid(68146240667fadb4bae59c6644b03ade) Importer(815301076,1909f56bfc062723c751e8b465ee728b)
Start importing Assets/Prefabs/Player/Player_Trail.prefab using Guid(68146240667fadb4bae59c6644b03ade) Importer(815301076,1909f56bfc062723c751e8b465ee728b)  -> (artifact id: '6531d614f225ff2d696a0ab006ca3834') in 0.011460 seconds
Number of updated asset objects reloaded before import = 0
Number of asset objects unloaded after import = 6
========================================================================
Received Import Request.
  Time since last request: 0.000023 seconds.
  path: Assets/Prefabs/Player/PlayerSprite_2.prefab
  artifactKey: Guid(019c8eaeffb2fdc4ca15a6278906087b) Importer(815301076,1909f56bfc062723c751e8b465ee728b)
Start importing Assets/Prefabs/Player/PlayerSprite_2.prefab using Guid(019c8eaeffb2fdc4ca15a6278906087b) Importer(815301076,1909f56bfc062723c751e8b465ee728b)  -> (artifact id: 'a1ae508103ae096bb90866f810468b34') in 0.027817 seconds
Number of updated asset objects reloaded before import = 0
Number of asset objects unloaded after import = 11
========================================================================
Received Import Request.
  Time since last request: 0.000015 seconds.
  path: Assets/Prefabs/Player/PlayerSprite_4.prefab
  artifactKey: Guid(629fc76ca14db48409d2ce02e93d614e) Importer(815301076,1909f56bfc062723c751e8b465ee728b)
Start importing Assets/Prefabs/Player/PlayerSprite_4.prefab using Guid(629fc76ca14db48409d2ce02e93d614e) Importer(815301076,1909f56bfc062723c751e8b465ee728b)  -> (artifact id: '2d037faea1151d71389590eab7b0984b') in 0.021727 seconds
Number of updated asset objects reloaded before import = 0
Number of asset objects unloaded after import = 15
========================================================================
Received Import Request.
  Time since last request: 0.000015 seconds.
  path: Assets/Prefabs/Player/PlayerSprite_1.prefab
  artifactKey: Guid(969a93d5b5778774993c63ead7ebbd3c) Importer(815301076,1909f56bfc062723c751e8b465ee728b)
Start importing Assets/Prefabs/Player/PlayerSprite_1.prefab using Guid(969a93d5b5778774993c63ead7ebbd3c) Importer(815301076,1909f56bfc062723c751e8b465ee728b)  -> (artifact id: 'e1612b0eafc80b4efb561c3a76ae7761') in 0.023717 seconds
Number of updated asset objects reloaded before import = 0
Number of asset objects unloaded after import = 15
========================================================================
Received Import Request.
  Time since last request: 0.000015 seconds.
  path: Assets/Prefabs/Player/PlayerSprite_0.prefab
  artifactKey: Guid(ad8b780f401453044bf7738d9b11de65) Importer(815301076,1909f56bfc062723c751e8b465ee728b)
Start importing Assets/Prefabs/Player/PlayerSprite_0.prefab using Guid(ad8b780f401453044bf7738d9b11de65) Importer(815301076,1909f56bfc062723c751e8b465ee728b)  -> (artifact id: '70edddaff99507991faae320766d7b54') in 0.011887 seconds
Number of updated asset objects reloaded before import = 0
Number of asset objects unloaded after import = 16
========================================================================
Received Import Request.
  Time since last request: 0.000017 seconds.
  path: Assets/Prefabs/Player/Player.prefab
  artifactKey: Guid(6d717746f3e2b274cb03c22503c44dee) Importer(815301076,1909f56bfc062723c751e8b465ee728b)
Start importing Assets/Prefabs/Player/Player.prefab using Guid(6d717746f3e2b274cb03c22503c44dee) Importer(815301076,1909f56bfc062723c751e8b465ee728b)  -> (artifact id: '8395499098126ca0be16f11a210728f2') in 0.002599 seconds
Number of updated asset objects reloaded before import = 0
Number of asset objects unloaded after import = 13
